cpu-bind=MASK - bp1-gpu030, task  0  0 [31553]: mask 0x10001 set
job name: ---clip_mlp_rel_5---
host: ---bp1-gpu030.data.bp.acrc.priv---
Time: ---Wed Jun 21 10:41:26 BST 2023---
Directory: ---/user/home/pu22650/clip-binding---
Slurm job ID: ---5538949---
This jobs runs on the following machines: ---bp1-gpu030---

/user/home/pu22650/.conda/envs/ldm/bin/python
name, memory.free [MiB]
NVIDIA GeForce RTX 3090, 24259 MiB
--------------------LOG START-------------------------
cpu-bind=MASK - bp1-gpu030, task  0  0 [31598]: mask 0x10001 set
/user/home/pu22650/.conda/envs/ldm/lib/python3.8/site-packages/torchvision/io/image.py:13: UserWarning: Failed to load image Python extension: libtorch_cuda_cu.so: cannot open shared object file: No such file or directory
  warn(f"Failed to load image Python extension: {e}")
2023-06-21 10:41:42 INFO Namespace(attr_dropout=0.2, clip_model='ViT-L/14', context_length=77, dataset='rel', emb_dim=768, epochs=5, eval_batch_size=64, evaluate_only=False, gradient_accumulation_steps=1, lr=1e-06, model_name='clip', save_dir='/user/work/pu22650/clip-binding-out/clip_mlp_rel_5', save_model=True, seed=0, train_batch_size=32, weight_decay=1e-05)
2023-06-21 10:41:42 INFO loading the dataset...
2023-06-21 10:41:43 INFO loading the model...
2023-06-21 10:41:51 INFO training the model...
2023-06-21 11:20:06 INFO Training Accuracy is: 13.49
epoch 1, train loss 2.17, train accuracy 13.49, val acc 0.00, gen acc 73.12
2023-06-21 12:00:40 INFO Training Accuracy is: 13.49
epoch 2, train loss 2.17, train accuracy 13.49, val acc 0.00, gen acc 73.12
2023-06-21 12:36:46 INFO Training Accuracy is: 13.49
epoch 3, train loss 2.17, train accuracy 13.49, val acc 0.00, gen acc 73.12
2023-06-21 13:13:34 INFO Training Accuracy is: 13.49
epoch 4, train loss 2.17, train accuracy 13.49, val acc 0.00, gen acc 73.12
2023-06-21 13:50:24 INFO Training Accuracy is: 13.49
epoch 5, train loss 2.17, train accuracy 13.49, val acc 0.00, gen acc 73.12
2023-06-21 13:50:26 INFO done!

real	188m57.450s
user	0m0.052s
sys	0m0.014s
--------------------LOG END-------------------------
