cpu-bind=MASK - bp1-gpu013, task  0  0 [92889]: mask 0x101 set
Running on host bp1-gpu013.data.bp.acrc.priv
Time is Sun Jun 11 14:48:08 BST 2023
Directory is /user/home/pu22650/clip-binding
Slurm job ID is 5448083
This jobs runs on the following machines:
bp1-gpu013
/user/home/pu22650/.conda/envs/ldm/bin/python
name, memory.free [MiB]
NVIDIA GeForce RTX 2080 Ti, 11011 MiB
---------------------------------------------
cpu-bind=MASK - bp1-gpu013, task  0  0 [92932]: mask 0x101 set
2023-06-11 14:48:18 INFO Namespace(attr_dropout=0.2, clip_model='ViT-L/14', context_length=77, dataset='rel', emb_dim=768, epochs=5, eval_batch_size=16, evaluate_only=False, gradient_accumulation_steps=1, lr=1e-06, model_name='clip', save_dir='/user/home/pu22650/clip-binding/out', save_model=True, seed=0, train_batch_size=8, weight_decay=1e-05)
2023-06-11 14:48:18 INFO loading the dataset...
2023-06-11 14:48:19 INFO loading the model...
2023-06-11 14:48:32 INFO training the model...
2023-06-11 15:45:46 INFO Training Accuracy is: 48.06
epoch 1, train loss 1.16, train accuracy 48.06, val acc 0.00, gen acc 0.00
2023-06-11 16:39:07 INFO Training Accuracy is: 48.59
epoch 2, train loss 1.15, train accuracy 48.59, val acc 0.00, gen acc 0.00
2023-06-11 17:31:11 INFO Training Accuracy is: 49.03
epoch 3, train loss 1.15, train accuracy 49.03, val acc 0.00, gen acc 0.00
2023-06-11 18:19:56 INFO Training Accuracy is: 49.35
epoch 4, train loss 1.15, train accuracy 49.35, val acc 0.00, gen acc 0.00
2023-06-11 19:07:46 INFO Training Accuracy is: 50.35
epoch 5, train loss 1.15, train accuracy 50.35, val acc 0.00, gen acc 0.00
Traceback (most recent call last):
  File "train.py", line 291, in <module>
    torch.save(model.dict(), os.path.join(config.save_dir, "final_model.pt"))
  File "/user/home/pu22650/.conda/envs/ldm/lib/python3.8/site-packages/torch/nn/modules/module.py", line 1185, in __getattr__
    raise AttributeError("'{}' object has no attribute '{}'".format(
AttributeError: 'CLIPModel' object has no attribute 'dict'
srun: error: bp1-gpu013: task 0: Exited with exit code 1
---------------------------------------------
End Time: Sun Jun 11 19:07:51 BST 2023
Time elapsed: 15582.575181539 seconds
