cpu-bind=MASK - bp1-gpu030, task  0  0 [20363]: mask 0x10001 set
job name: ---clip_full_mlp_rel_2---
host: ---bp1-gpu030.data.bp.acrc.priv---
Time: ---Wed Jun 21 14:29:43 BST 2023---
Directory: ---/user/home/pu22650/clip-binding---
Slurm job ID: ---5548106---
This jobs runs on the following machines: ---bp1-gpu030---

/user/home/pu22650/.conda/envs/ldm/bin/python
name, memory.free [MiB]
NVIDIA GeForce RTX 3090, 24259 MiB
--------------------LOG START-------------------------
cpu-bind=MASK - bp1-gpu030, task  0  0 [20405]: mask 0x10001 set
/user/home/pu22650/.conda/envs/ldm/lib/python3.8/site-packages/torchvision/io/image.py:13: UserWarning: Failed to load image Python extension: libtorch_cuda_cu.so: cannot open shared object file: No such file or directory
  warn(f"Failed to load image Python extension: {e}")
2023-06-21 14:30:02 INFO Namespace(attr_dropout=0.2, clip_model='ViT-L/14', context_length=77, dataset='rel', emb_dim=768, epochs=2, eval_batch_size=32, evaluate_only=False, gradient_accumulation_steps=1, lr=1e-06, model_name='clip', save_dir='/user/work/pu22650/clip-binding-out/clip_full_mlp_rel_2', save_model=True, seed=0, train_batch_size=16, weight_decay=1e-05)
2023-06-21 14:30:02 INFO loading the dataset...
2023-06-21 14:30:03 INFO loading the model...
2023-06-21 14:30:11 INFO training the model...
2023-06-21 15:25:40 INFO Training Accuracy is: 96.86
epoch 1, train loss 0.07, train accuracy 96.86, val acc 0.00, gen acc 0.00
2023-06-21 16:25:43 INFO Training Accuracy is: 99.91
epoch 2, train loss 0.00, train accuracy 99.91, val acc 0.00, gen acc 0.00
2023-06-21 16:25:45 INFO done!

real	116m1.283s
user	0m0.056s
sys	0m0.009s
--------------------LOG END-------------------------
