cpu-bind=MASK - bp1-gpu030, task  0  0 [2068]: mask 0x1000100 set
job name: >>> clip_org_eval <<<
host: >>> bp1-gpu030.data.bp.acrc.priv <<<
Time: >>> Wed Jun 21 11:13:22 BST 2023 <<<
Directory: >>> /user/home/pu22650/clip-binding <<<
Slurm job ID: >>> 5539069 <<<
This jobs runs on the following machines: >>> bp1-gpu030 <<<

/user/home/pu22650/.conda/envs/ldm/bin/python
name, memory.free [MiB]
NVIDIA GeForce RTX 3090, 24259 MiB
--------------------LOG START-------------------------
cpu-bind=MASK - bp1-gpu030, task  0  0 [2111]: mask 0x1000100 set
/user/home/pu22650/.conda/envs/ldm/lib/python3.8/site-packages/torchvision/io/image.py:13: UserWarning: Failed to load image Python extension: libtorch_cuda_cu.so: cannot open shared object file: No such file or directory
  warn(f"Failed to load image Python extension: {e}")
2023-06-21 11:13:29 INFO Namespace(attr_dropout=0.2, clip_model='ViT-L/14', context_length=77, dataset='rel', emb_dim=768, epochs=20, eval_batch_size=64, evaluate_only=True, gradient_accumulation_steps=1, lr=1e-06, model_name='clip', save_dir='/user/work/pu22650/clip-binding-out/clip_org_eval', save_model=False, seed=0, train_batch_size=32, weight_decay=1e-05)
2023-06-21 11:13:29 INFO loading the dataset...
2023-06-21 11:13:29 INFO loading the model...
2023-06-21 11:13:38 INFO skipping training and directly evaluating the model...
train: 26.76
val: 15.06
gen: 0.00
2023-06-21 11:38:31 INFO done!

real	25m8.144s
user	0m0.059s
sys	0m0.011s
--------------------LOG END-------------------------
